{
  "RSpec": {
    "coverage": {
      "/home/bywa/rails_project/work/rails-chats-api/spec/controllers/chats_controller_spec.rb": [
        1,
        null,
        1,
        2,
        null,
        6,
        4,
        16,
        16,
        null,
        1,
        2,
        null,
        null,
        1,
        2,
        2,
        2,
        2,
        2,
        null,
        null,
        1,
        1,
        1,
        1,
        1,
        1,
        null,
        null,
        null,
        1,
        2,
        2,
        1,
        3,
        3,
        3,
        null,
        null,
        null,
        null,
        1,
        3,
        3,
        3,
        3,
        3,
        2,
        2,
        null,
        null,
        1,
        2,
        2,
        2,
        2,
        2,
        null,
        null,
        null,
        1,
        3,
        3,
        2,
        2,
        null,
        null,
        1,
        3,
        3,
        1,
        2,
        2,
        2,
        2,
        2,
        null,
        null,
        null,
        null,
        null,
        null,
        null,
        1,
        2,
        2,
        2,
        null,
        null,
        1,
        2,
        2,
        2,
        null,
        null,
        null,
        1,
        null,
        null
      ],
      "/home/bywa/rails_project/work/rails-chats-api/spec/rails_helper.rb": [
        1,
        1,
        1,
        1,
        null,
        4,
        null,
        1,
        1,
        null,
        1,
        null,
        1,
        1,
        null,
        null,
        2,
        null,
        16,
        null,
        1,
        1,
        1,
        1,
        null,
        null,
        null,
        null,
        1,
        null,
        1,
        1,
        1,
        null,
        1,
        null,
        null
      ],
      "/home/bywa/rails_project/work/rails-chats-api/config/environment.rb": [
        null,
        1,
        null,
        null,
        1
      ],
      "/home/bywa/rails_project/work/rails-chats-api/config/application.rb": [
        1,
        null,
        1,
        null,
        1,
        1,
        1,
        1,
        1,
        1,
        1,
        null,
        1,
        1,
        null,
        null,
        null,
        1,
        null,
        1,
        1,
        null,
        1,
        null,
        null,
        null,
        null,
        null,
        null,
        null,
        null,
        null,
        1,
        null,
        null
      ],
      "/home/bywa/rails_project/work/rails-chats-api/config/boot.rb": [
        1,
        null,
        1,
        1
      ],
      "/home/bywa/rails_project/work/rails-chats-api/config/environments/test.rb": [
        1,
        null,
        null,
        null,
        null,
        null,
        null,
        1,
        null,
        null,
        null,
        null,
        1,
        null,
        null,
        1,
        1,
        null,
        null,
        null,
        null,
        1,
        1,
        null,
        null,
        1,
        null,
        null,
        1,
        null,
        null,
        1,
        null,
        1,
        null,
        null,
        null,
        null,
        1,
        null,
        null,
        1,
        null,
        null,
        null,
        null
      ],
      "/home/bywa/rails_project/work/rails-chats-api/config/initializers/application_controller_renderer.rb": [
        null,
        null,
        null,
        null,
        null,
        null,
        null,
        null
      ],
      "/home/bywa/rails_project/work/rails-chats-api/config/initializers/assets.rb": [
        null,
        null,
        null,
        1,
        null,
        null,
        null,
        null,
        1,
        null,
        null,
        null,
        null,
        null
      ],
      "/home/bywa/rails_project/work/rails-chats-api/config/initializers/backtrace_silencers.rb": [
        null,
        null,
        null,
        null,
        null,
        null,
        null
      ],
      "/home/bywa/rails_project/work/rails-chats-api/config/initializers/content_security_policy.rb": [
        null,
        null,
        null,
        null,
        null,
        null,
        null,
        null,
        null,
        null,
        null,
        null,
        null,
        null,
        null,
        null,
        null,
        null,
        null,
        null,
        null,
        null,
        null,
        null,
        null
      ],
      "/home/bywa/rails_project/work/rails-chats-api/config/initializers/cookies_serializer.rb": [
        null,
        null,
        null,
        null,
        1
      ],
      "/home/bywa/rails_project/work/rails-chats-api/config/initializers/filter_parameter_logging.rb": [
        null,
        null,
        null,
        1
      ],
      "/home/bywa/rails_project/work/rails-chats-api/config/initializers/generators.rb": [
        1,
        1,
        1,
        1,
        1,
        1,
        1,
        null,
        null
      ],
      "/home/bywa/rails_project/work/rails-chats-api/config/initializers/inflections.rb": [
        null,
        null,
        null,
        null,
        null,
        null,
        null,
        null,
        null,
        null,
        null,
        null,
        null,
        null,
        null,
        null
      ],
      "/home/bywa/rails_project/work/rails-chats-api/config/initializers/mime_types.rb": [
        null,
        null,
        null,
        null
      ],
      "/home/bywa/rails_project/work/rails-chats-api/config/initializers/new_framework_defaults_5_2.rb": [
        null,
        null,
        null,
        null,
        null,
        null,
        null,
        null,
        null,
        null,
        null,
        null,
        null,
        null,
        null,
        null,
        null,
        null,
        null,
        null,
        null,
        null,
        null,
        null,
        null,
        null,
        null,
        null,
        null,
        null,
        null,
        null,
        null,
        null,
        null
      ],
      "/home/bywa/rails_project/work/rails-chats-api/config/initializers/session_store.rb": [
        null,
        null,
        1
      ],
      "/home/bywa/rails_project/work/rails-chats-api/config/initializers/wrap_parameters.rb": [
        null,
        null,
        null,
        null,
        null,
        null,
        1,
        1,
        null,
        null,
        null,
        null,
        null,
        null
      ],
      "/home/bywa/rails_project/work/rails-chats-api/spec/factories/auth_tokens.rb": [
        1,
        1,
        1,
        null,
        null
      ],
      "/home/bywa/rails_project/work/rails-chats-api/spec/factories/chats.rb": [
        1,
        1,
        1,
        null,
        null
      ],
      "/home/bywa/rails_project/work/rails-chats-api/spec/factories/messages.rb": [
        1,
        1,
        1,
        1,
        1,
        null,
        null
      ],
      "/home/bywa/rails_project/work/rails-chats-api/spec/factories/user_chats.rb": [
        1,
        1,
        1,
        1,
        null,
        null
      ],
      "/home/bywa/rails_project/work/rails-chats-api/spec/factories/users.rb": [
        1,
        1,
        null,
        1,
        null,
        1,
        null,
        1,
        1,
        null,
        null,
        1,
        1,
        null,
        null,
        null
      ],
      "/home/bywa/rails_project/work/rails-chats-api/config/routes.rb": [
        1,
        1,
        1,
        1,
        1,
        null,
        null,
        1,
        1,
        1,
        null
      ],
      "/home/bywa/rails_project/work/rails-chats-api/app/helpers/application_helper.rb": [
        1,
        null
      ],
      "/home/bywa/rails_project/work/rails-chats-api/spec/support/authorization.rb": [
        1,
        1,
        15,
        null,
        15,
        null,
        15,
        null,
        null
      ],
      "/home/bywa/rails_project/work/rails-chats-api/spec/support/permitter.rb": [
        1,
        1,
        3,
        null,
        3,
        null,
        3,
        null,
        0,
        null,
        null
      ],
      "/home/bywa/rails_project/work/rails-chats-api/spec/support/header.rb": [
        1,
        1,
        0,
        null,
        null,
        1,
        0,
        null,
        null
      ],
      "/home/bywa/rails_project/work/rails-chats-api/app/controllers/chats_controller.rb": [
        1,
        null,
        1,
        1,
        null,
        1,
        1,
        1,
        null,
        null,
        1,
        3,
        2,
        null,
        1,
        null,
        null,
        null,
        1,
        2,
        2,
        null,
        null,
        1,
        2,
        2,
        2,
        null,
        0,
        null,
        null,
        null,
        1,
        0,
        0,
        0,
        0,
        0,
        null,
        0,
        null,
        null,
        null,
        1,
        null,
        1,
        4,
        null,
        null,
        1,
        3,
        null,
        null,
        1,
        3,
        null,
        null,
        1,
        3,
        null,
        null
      ],
      "/home/bywa/rails_project/work/rails-chats-api/app/controllers/application_controller.rb": [
        1,
        null,
        null,
        null,
        null,
        1,
        null,
        1,
        null,
        1,
        null,
        1,
        0,
        null,
        0,
        null,
        null,
        1,
        0,
        null,
        0,
        null,
        null,
        1,
        0,
        null,
        null,
        1,
        0,
        null,
        null,
        1,
        null,
        1,
        0,
        0,
        null,
        null,
        null
      ],
      "/home/bywa/rails_project/work/rails-chats-api/app/models/user.rb": [
        1,
        1,
        1,
        1,
        1,
        1,
        1,
        null
      ],
      "/home/bywa/rails_project/work/rails-chats-api/app/models/application_record.rb": [
        1,
        1,
        null
      ],
      "/home/bywa/rails_project/work/rails-chats-api/app/models/chat.rb": [
        1,
        1,
        null,
        1,
        1,
        1,
        null,
        1,
        2,
        2,
        null,
        null
      ],
      "/home/bywa/rails_project/work/rails-chats-api/app/models/message.rb": [
        1,
        1,
        1,
        null,
        1,
        1,
        null,
        1,
        null
      ],
      "/home/bywa/rails_project/work/rails-chats-api/app/serializers/chat_with_last_message_serializer.rb": [
        1,
        1,
        null
      ],
      "/home/bywa/rails_project/work/rails-chats-api/app/serializers/chat_serializer.rb": [
        1,
        1,
        1,
        null
      ],
      "/home/bywa/rails_project/work/rails-chats-api/app/models/user_chat.rb": [
        1,
        1,
        1,
        null,
        1,
        1,
        null,
        1,
        3,
        null,
        null,
        1,
        3,
        null,
        null
      ],
      "/home/bywa/rails_project/work/rails-chats-api/app/services/chat_builder.rb": [
        1,
        1,
        0,
        0,
        null,
        null,
        1,
        0,
        0,
        0,
        0,
        null,
        null,
        1,
        0,
        null,
        null,
        null
      ]
    },
    "timestamp": 1536260708
  }
}
