{
  "RSpec": {
    "coverage": {
      "/home/bywa/rails_project/work/rails-chats-api/spec/controllers/chats_controller_spec.rb": [
        1,
        null,
        1,
        2,
        null,
        9,
        4,
        19,
        19,
        null,
        1,
        2,
        null,
        null,
        1,
        2,
        2,
        2,
        2,
        2,
        null,
        null,
        1,
        1,
        1,
        1,
        1,
        1,
        null,
        null,
        null,
        1,
        2,
        2,
        1,
        3,
        3,
        3,
        null,
        null,
        null,
        null,
        1,
        3,
        3,
        3,
        3,
        3,
        2,
        2,
        null,
        null,
        1,
        2,
        2,
        2,
        2,
        2,
        null,
        null,
        null,
        1,
        3,
        3,
        2,
        2,
        null,
        null,
        1,
        3,
        3,
        1,
        2,
        2,
        2,
        null,
        null,
        null,
        null,
        null,
        null,
        1,
        2,
        2,
        2,
        null,
        null,
        1,
        2,
        2,
        2,
        2,
        null,
        null,
        null,
        1,
        4,
        1,
        1,
        3,
        3,
        3,
        null,
        null,
        null,
        null,
        null,
        null,
        1,
        2,
        1,
        1,
        null,
        null,
        1,
        3,
        1,
        1,
        1,
        null,
        null,
        null
      ],
      "/home/bywa/rails_project/work/rails-chats-api/spec/rails_helper.rb": [
        1,
        1,
        1,
        1,
        null,
        4,
        null,
        1,
        1,
        null,
        1,
        null,
        1,
        1,
        null,
        null,
        2,
        null,
        117,
        null,
        1,
        1,
        1,
        1,
        null,
        null,
        null,
        null,
        1,
        null,
        1,
        1,
        1,
        null,
        1,
        null,
        null
      ],
      "/home/bywa/rails_project/work/rails-chats-api/config/environment.rb": [
        null,
        1,
        null,
        null,
        1
      ],
      "/home/bywa/rails_project/work/rails-chats-api/config/application.rb": [
        1,
        null,
        1,
        null,
        1,
        1,
        1,
        1,
        1,
        1,
        1,
        null,
        1,
        1,
        null,
        null,
        null,
        1,
        null,
        1,
        1,
        null,
        1,
        null,
        null,
        null,
        null,
        null,
        null,
        null,
        null,
        null,
        1,
        null,
        null
      ],
      "/home/bywa/rails_project/work/rails-chats-api/config/boot.rb": [
        1,
        null,
        1,
        1
      ],
      "/home/bywa/rails_project/work/rails-chats-api/config/environments/test.rb": [
        1,
        null,
        null,
        null,
        null,
        null,
        null,
        1,
        null,
        null,
        null,
        null,
        1,
        null,
        null,
        1,
        1,
        null,
        null,
        null,
        null,
        1,
        1,
        null,
        null,
        1,
        null,
        null,
        1,
        null,
        null,
        1,
        null,
        1,
        null,
        null,
        null,
        null,
        1,
        null,
        null,
        1,
        null,
        null,
        null,
        null
      ],
      "/home/bywa/rails_project/work/rails-chats-api/config/initializers/application_controller_renderer.rb": [
        null,
        null,
        null,
        null,
        null,
        null,
        null,
        null
      ],
      "/home/bywa/rails_project/work/rails-chats-api/config/initializers/assets.rb": [
        null,
        null,
        null,
        1,
        null,
        null,
        null,
        null,
        1,
        null,
        null,
        null,
        null,
        null
      ],
      "/home/bywa/rails_project/work/rails-chats-api/config/initializers/backtrace_silencers.rb": [
        null,
        null,
        null,
        null,
        null,
        null,
        null
      ],
      "/home/bywa/rails_project/work/rails-chats-api/config/initializers/content_security_policy.rb": [
        null,
        null,
        null,
        null,
        null,
        null,
        null,
        null,
        null,
        null,
        null,
        null,
        null,
        null,
        null,
        null,
        null,
        null,
        null,
        null,
        null,
        null,
        null,
        null,
        null
      ],
      "/home/bywa/rails_project/work/rails-chats-api/config/initializers/cookies_serializer.rb": [
        null,
        null,
        null,
        null,
        1
      ],
      "/home/bywa/rails_project/work/rails-chats-api/config/initializers/filter_parameter_logging.rb": [
        null,
        null,
        null,
        1
      ],
      "/home/bywa/rails_project/work/rails-chats-api/config/initializers/generators.rb": [
        1,
        1,
        1,
        1,
        1,
        1,
        1,
        null,
        null
      ],
      "/home/bywa/rails_project/work/rails-chats-api/config/initializers/inflections.rb": [
        null,
        null,
        null,
        null,
        null,
        null,
        null,
        null,
        null,
        null,
        null,
        null,
        null,
        null,
        null,
        null
      ],
      "/home/bywa/rails_project/work/rails-chats-api/config/initializers/mime_types.rb": [
        null,
        null,
        null,
        null
      ],
      "/home/bywa/rails_project/work/rails-chats-api/config/initializers/new_framework_defaults_5_2.rb": [
        null,
        null,
        null,
        null,
        null,
        null,
        null,
        null,
        null,
        null,
        null,
        null,
        null,
        null,
        null,
        null,
        null,
        null,
        null,
        null,
        null,
        null,
        null,
        null,
        null,
        null,
        null,
        null,
        null,
        null,
        null,
        null,
        null,
        null,
        null
      ],
      "/home/bywa/rails_project/work/rails-chats-api/config/initializers/session_store.rb": [
        null,
        null,
        1
      ],
      "/home/bywa/rails_project/work/rails-chats-api/config/initializers/wrap_parameters.rb": [
        null,
        null,
        null,
        null,
        null,
        null,
        1,
        1,
        null,
        null,
        null,
        null,
        null,
        null
      ],
      "/home/bywa/rails_project/work/rails-chats-api/spec/factories/auth_tokens.rb": [
        1,
        1,
        88,
        null,
        null
      ],
      "/home/bywa/rails_project/work/rails-chats-api/spec/factories/chats.rb": [
        1,
        1,
        1,
        null,
        null
      ],
      "/home/bywa/rails_project/work/rails-chats-api/spec/factories/messages.rb": [
        1,
        1,
        1,
        1,
        1,
        null,
        null
      ],
      "/home/bywa/rails_project/work/rails-chats-api/spec/factories/user_chats.rb": [
        1,
        1,
        1,
        1,
        null,
        null
      ],
      "/home/bywa/rails_project/work/rails-chats-api/spec/factories/users.rb": [
        1,
        1,
        null,
        91,
        null,
        91,
        null,
        1,
        1,
        null,
        null,
        1,
        57,
        null,
        null,
        null
      ],
      "/home/bywa/rails_project/work/rails-chats-api/config/routes.rb": [
        1,
        1,
        1,
        1,
        1,
        null,
        null,
        1,
        1,
        1,
        null
      ],
      "/home/bywa/rails_project/work/rails-chats-api/app/helpers/application_helper.rb": [
        1,
        null
      ],
      "/home/bywa/rails_project/work/rails-chats-api/spec/support/authorization.rb": [
        1,
        1,
        25,
        null,
        25,
        null,
        25,
        null,
        null
      ],
      "/home/bywa/rails_project/work/rails-chats-api/spec/support/permitter.rb": [
        1,
        1,
        10,
        null,
        10,
        null,
        10,
        null,
        0,
        null,
        null
      ],
      "/home/bywa/rails_project/work/rails-chats-api/spec/support/header.rb": [
        1,
        1,
        43,
        null,
        null,
        1,
        8,
        null,
        null
      ],
      "/home/bywa/rails_project/work/rails-chats-api/app/controllers/chats_controller.rb": [
        1,
        null,
        1,
        1,
        null,
        1,
        5,
        5,
        null,
        null,
        1,
        7,
        6,
        null,
        1,
        null,
        null,
        null,
        1,
        6,
        6,
        null,
        null,
        1,
        6,
        6,
        6,
        null,
        0,
        null,
        null,
        null,
        1,
        7,
        7,
        7,
        0,
        0,
        null,
        4,
        null,
        null,
        null,
        1,
        null,
        1,
        19,
        null,
        null,
        1,
        7,
        null,
        null,
        1,
        7,
        null,
        null,
        1,
        7,
        null,
        null
      ],
      "/home/bywa/rails_project/work/rails-chats-api/app/controllers/application_controller.rb": [
        1,
        null,
        null,
        null,
        null,
        1,
        null,
        1,
        null,
        1,
        null,
        1,
        0,
        null,
        0,
        null,
        null,
        1,
        0,
        null,
        0,
        null,
        null,
        1,
        0,
        null,
        null,
        1,
        4,
        null,
        null,
        1,
        null,
        1,
        51,
        43,
        null,
        null,
        null
      ],
      "/home/bywa/rails_project/work/rails-chats-api/spec/controllers/messages_controller_spec.rb": [
        1,
        null,
        1,
        6,
        6,
        null,
        6,
        null,
        1,
        4,
        4,
        1,
        3,
        null,
        1,
        3,
        null,
        1,
        3,
        3,
        3,
        null,
        null,
        null,
        null,
        null,
        1,
        3,
        3,
        null,
        1,
        1,
        null,
        null,
        1,
        2,
        2,
        2,
        null,
        2,
        null,
        null,
        null,
        1,
        2,
        2,
        2,
        1,
        2,
        null,
        null,
        1,
        1,
        null,
        null,
        1,
        1,
        1,
        null,
        null,
        null
      ],
      "/home/bywa/rails_project/work/rails-chats-api/app/controllers/messages_controller.rb": [
        1,
        1,
        null,
        1,
        7,
        null,
        7,
        6,
        4,
        null,
        1,
        null,
        null,
        null,
        1,
        5,
        null,
        null,
        null,
        null,
        5,
        null,
        null,
        1,
        null,
        1,
        null,
        1,
        12,
        null,
        null,
        1,
        7,
        null,
        null
      ],
      "/home/bywa/rails_project/work/rails-chats-api/spec/controllers/profiles_controller_spec.rb": [
        1,
        null,
        1,
        1,
        3,
        null,
        3,
        null,
        3,
        null,
        3,
        null,
        3,
        null,
        3,
        null,
        1,
        2,
        null,
        2,
        null,
        2,
        null,
        null,
        1,
        2,
        null,
        2,
        null,
        2,
        null,
        null,
        null,
        1,
        2,
        null,
        2,
        null,
        1,
        2,
        null,
        null,
        null,
        2,
        null,
        null,
        null,
        1,
        2,
        2,
        null,
        null,
        1,
        2,
        2,
        null,
        null
      ],
      "/home/bywa/rails_project/work/rails-chats-api/app/controllers/profiles_controller.rb": [
        1,
        1,
        null,
        1,
        1,
        null,
        1,
        9,
        null,
        null,
        1,
        1,
        2,
        null,
        null,
        1,
        12,
        null,
        null,
        1,
        2,
        null,
        null
      ],
      "/home/bywa/rails_project/work/rails-chats-api/spec/controllers/sessions_controller_spec.rb": [
        1,
        null,
        1,
        1,
        3,
        null,
        3,
        null,
        3,
        null,
        3,
        null,
        3,
        null,
        3,
        null,
        1,
        2,
        1,
        0,
        null,
        2,
        null,
        2,
        null,
        null,
        1,
        2,
        null,
        2,
        null,
        2,
        null,
        null,
        null
      ],
      "/home/bywa/rails_project/work/rails-chats-api/app/controllers/sessions_controller.rb": [
        1,
        1,
        null,
        1,
        2,
        2,
        null,
        null,
        1,
        1,
        2,
        null,
        null,
        1,
        2,
        null,
        null
      ],
      "/home/bywa/rails_project/work/rails-chats-api/spec/controllers/users_controller_spec.rb": [
        1,
        null,
        1,
        1,
        2,
        2,
        1,
        2,
        null,
        2,
        null,
        null,
        null
      ],
      "/home/bywa/rails_project/work/rails-chats-api/app/controllers/users_controller.rb": [
        1,
        1,
        4,
        4,
        null,
        null,
        1,
        null,
        1,
        1,
        null,
        null
      ],
      "/home/bywa/rails_project/work/rails-chats-api/spec/models/auth_token_spec.rb": [
        1,
        null,
        1,
        null
      ],
      "/home/bywa/rails_project/work/rails-chats-api/app/models/auth_token.rb": [
        1,
        1,
        null
      ],
      "/home/bywa/rails_project/work/rails-chats-api/app/models/application_record.rb": [
        1,
        1,
        null
      ],
      "/home/bywa/rails_project/work/rails-chats-api/spec/models/chat_spec.rb": [
        1,
        null,
        1,
        1,
        2,
        2,
        2,
        null,
        null,
        1,
        2,
        null,
        2,
        null,
        1,
        1,
        1,
        null,
        null,
        null
      ],
      "/home/bywa/rails_project/work/rails-chats-api/app/models/chat.rb": [
        1,
        1,
        null,
        1,
        1,
        1,
        null,
        1,
        11,
        11,
        null,
        null
      ],
      "/home/bywa/rails_project/work/rails-chats-api/spec/models/message_spec.rb": [
        1,
        null,
        1,
        6,
        6,
        6,
        1,
        2,
        2,
        null,
        null,
        1,
        2,
        2,
        null,
        null,
        1,
        2,
        null,
        null
      ],
      "/home/bywa/rails_project/work/rails-chats-api/app/models/message.rb": [
        1,
        1,
        1,
        null,
        1,
        1,
        null,
        1,
        null
      ],
      "/home/bywa/rails_project/work/rails-chats-api/spec/models/user_chat_spec.rb": [
        1,
        null,
        1,
        1,
        2,
        null,
        null,
        1,
        2,
        2,
        null,
        null,
        1,
        2,
        null,
        1,
        1,
        10,
        null,
        1,
        1,
        null,
        null,
        null,
        1,
        2,
        1,
        1,
        10,
        null,
        null,
        1,
        1,
        1,
        10,
        null,
        1,
        1,
        null,
        null,
        null,
        null
      ],
      "/home/bywa/rails_project/work/rails-chats-api/app/models/user_chat.rb": [
        1,
        1,
        1,
        null,
        1,
        1,
        null,
        1,
        56,
        null,
        null,
        1,
        56,
        null,
        null
      ],
      "/home/bywa/rails_project/work/rails-chats-api/spec/models/user_spec.rb": [
        1,
        null,
        1,
        1,
        2,
        2,
        2,
        null,
        null,
        1,
        2,
        2,
        2,
        2,
        null,
        null
      ],
      "/home/bywa/rails_project/work/rails-chats-api/app/models/user.rb": [
        1,
        1,
        1,
        1,
        1,
        1,
        1,
        null
      ],
      "/home/bywa/rails_project/work/rails-chats-api/spec/requests/chat_build_spec.rb": [
        1,
        null,
        1,
        2,
        5,
        5,
        5,
        null,
        5,
        null,
        1,
        3,
        null,
        2,
        null,
        1,
        1,
        null,
        null,
        null,
        null,
        null,
        null,
        null,
        2,
        null,
        null,
        1,
        2,
        null,
        2,
        null,
        null
      ],
      "/home/bywa/rails_project/work/rails-chats-api/spec/requests/chats_list_spec.rb": [
        1,
        null,
        1,
        5,
        5,
        null,
        5,
        null,
        5,
        null,
        1,
        3,
        null,
        2,
        null,
        1,
        1,
        null,
        null,
        null,
        null,
        null,
        null,
        null,
        null,
        null,
        null,
        null,
        null,
        null,
        null,
        null,
        2,
        null,
        null,
        1,
        2,
        null,
        2,
        null,
        null
      ],
      "/home/bywa/rails_project/work/rails-chats-api/spec/requests/customize_profile_info_spec.rb": [
        1,
        null,
        1,
        1,
        8,
        8,
        null,
        0,
        null,
        null,
        null,
        9,
        null,
        9,
        null,
        1,
        3,
        null,
        7,
        null,
        2,
        null,
        2,
        null,
        2,
        null,
        2,
        null,
        2,
        null,
        2,
        null,
        2,
        null,
        null
      ],
      "/home/bywa/rails_project/work/rails-chats-api/spec/requests/join_to_chat_spec.rb": [
        1,
        null,
        1,
        5,
        5,
        5,
        5,
        null,
        5,
        null,
        1,
        3,
        null,
        2,
        null,
        1,
        1,
        null,
        null,
        null,
        null,
        null,
        null,
        null,
        2,
        null,
        null,
        1,
        2,
        null,
        2,
        null,
        null
      ],
      "/home/bywa/rails_project/work/rails-chats-api/spec/requests/leave_chat_spec.rb": [
        1,
        null,
        1,
        5,
        5,
        5,
        5,
        5,
        null,
        1,
        4,
        4,
        4,
        null,
        null,
        1,
        3,
        null,
        2,
        null,
        1,
        1,
        null,
        null,
        null,
        null,
        null,
        null,
        null,
        2,
        null,
        null,
        1,
        2,
        null,
        2,
        null,
        null
      ],
      "/home/bywa/rails_project/work/rails-chats-api/spec/requests/message_create_spec.rb": [
        1,
        null,
        1,
        5,
        5,
        5,
        5,
        null,
        5,
        null,
        1,
        3,
        null,
        2,
        null,
        1,
        1,
        null,
        null,
        null,
        null,
        null,
        null,
        null,
        null,
        2,
        null,
        null,
        1,
        2,
        null,
        2,
        null,
        null
      ],
      "/home/bywa/rails_project/work/rails-chats-api/spec/requests/messages_index_spec.rb": [
        1,
        null,
        1,
        5,
        5,
        5,
        null,
        5,
        null,
        1,
        3,
        null,
        2,
        null,
        1,
        1,
        null,
        null,
        null,
        null,
        null,
        null,
        null,
        null,
        2,
        null,
        null,
        1,
        2,
        null,
        2,
        null,
        null
      ],
      "/home/bywa/rails_project/work/rails-chats-api/spec/requests/show_chat_spec.rb": [
        1,
        null,
        1,
        5,
        5,
        5,
        5,
        null,
        5,
        null,
        1,
        3,
        null,
        2,
        null,
        1,
        1,
        null,
        null,
        null,
        null,
        null,
        null,
        null,
        null,
        2,
        null,
        null,
        1,
        2,
        null,
        2,
        null,
        null
      ],
      "/home/bywa/rails_project/work/rails-chats-api/spec/requests/sign_out_spec.rb": [
        1,
        null,
        1,
        4,
        null,
        1,
        3,
        null,
        3,
        null,
        2,
        null,
        2,
        null,
        null,
        1,
        2,
        null,
        2,
        null,
        2,
        null,
        null
      ],
      "/home/bywa/rails_project/work/rails-chats-api/spec/requests/users_list_spec.rb": [
        1,
        null,
        1,
        1,
        5,
        5,
        null,
        0,
        null,
        null,
        null,
        1,
        5,
        null,
        5,
        null,
        3,
        null,
        2,
        null,
        2,
        null,
        1,
        1,
        null,
        null,
        1,
        null,
        null,
        null,
        1,
        null,
        null,
        null,
        1,
        null,
        null,
        null,
        null,
        2,
        null,
        null,
        1,
        2,
        null,
        2,
        null,
        null
      ],
      "/home/bywa/rails_project/work/rails-chats-api/spec/serializers/chat_serializer_spec.rb": [
        1,
        null,
        1,
        2,
        2,
        2,
        2,
        2,
        2,
        null
      ],
      "/home/bywa/rails_project/work/rails-chats-api/app/serializers/chat_serializer.rb": [
        1,
        1,
        1,
        null
      ],
      "/home/bywa/rails_project/work/rails-chats-api/spec/serializers/chat_with_last_message_serializer_spec.rb": [
        1,
        null,
        1,
        2,
        2,
        2,
        2,
        2,
        2,
        null
      ],
      "/home/bywa/rails_project/work/rails-chats-api/app/serializers/chat_with_last_message_serializer.rb": [
        1,
        1,
        null
      ],
      "/home/bywa/rails_project/work/rails-chats-api/spec/serializers/chat_within_show_serializer_spec.rb": [
        1,
        null,
        1,
        2,
        2,
        2,
        2,
        2,
        2,
        null
      ],
      "/home/bywa/rails_project/work/rails-chats-api/app/serializers/chat_within_show_serializer.rb": [
        1,
        1,
        null
      ],
      "/home/bywa/rails_project/work/rails-chats-api/spec/serializers/message_serialie_spec.rb": [
        1,
        null,
        1,
        2,
        2,
        2,
        2,
        2,
        2,
        2,
        null
      ],
      "/home/bywa/rails_project/work/rails-chats-api/app/serializers/message_serializer.rb": [
        1,
        1,
        null
      ],
      "/home/bywa/rails_project/work/rails-chats-api/spec/serializers/profile_show_spec.rb": [
        1,
        null,
        1,
        2,
        2,
        2,
        2,
        2,
        2,
        null
      ],
      "/home/bywa/rails_project/work/rails-chats-api/app/serializers/profile_show_serialize.rb": [
        1,
        1,
        null
      ],
      "/home/bywa/rails_project/work/rails-chats-api/app/serializers/user_serializer.rb": [
        1,
        null,
        null
      ],
      "/home/bywa/rails_project/work/rails-chats-api/spec/serializers/user_show_serializer_spec.rb": [
        1,
        null,
        1,
        2,
        2,
        2,
        2,
        2,
        2,
        null
      ],
      "/home/bywa/rails_project/work/rails-chats-api/app/serializers/user_show_serializer.rb": [
        1,
        1,
        null
      ],
      "/home/bywa/rails_project/work/rails-chats-api/spec/services/chat_builder_spec.rb": [
        1,
        null,
        1,
        4,
        4,
        4,
        null,
        1,
        3,
        null,
        2,
        2,
        null,
        null,
        1,
        2,
        null,
        null,
        1,
        1,
        null,
        null,
        1,
        1,
        1,
        null,
        null,
        null,
        1,
        null,
        null
      ],
      "/home/bywa/rails_project/work/rails-chats-api/app/services/chat_builder.rb": [
        1,
        1,
        7,
        7,
        null,
        null,
        1,
        4,
        4,
        4,
        4,
        null,
        null,
        1,
        4,
        null,
        null,
        null
      ],
      "/home/bywa/rails_project/work/rails-chats-api/spec/services/session_spec.rb": [
        1,
        null,
        1,
        11,
        null,
        11,
        null,
        9,
        null,
        2,
        null,
        2,
        null,
        1,
        2,
        null,
        2,
        null,
        null,
        1,
        3,
        null,
        3,
        null,
        1,
        2,
        null,
        2,
        null,
        null,
        1,
        2,
        null,
        2,
        null,
        null,
        null,
        1,
        3,
        null,
        3,
        null,
        1,
        2,
        null,
        2,
        null,
        2,
        null,
        null,
        1,
        2,
        null,
        2,
        null,
        2,
        null,
        2,
        null,
        null,
        null,
        1,
        1,
        2,
        null,
        2,
        null,
        null,
        1,
        2,
        null,
        2,
        null,
        2,
        null,
        2,
        null,
        2,
        null,
        null,
        null,
        1,
        2,
        null,
        2,
        null,
        null
      ],
      "/home/bywa/rails_project/work/rails-chats-api/app/services/session.rb": [
        1,
        1,
        null,
        1,
        null,
        1,
        null,
        1,
        10,
        null,
        10,
        null,
        10,
        null,
        null,
        1,
        2,
        1,
        null,
        1,
        null,
        null,
        null,
        1,
        2,
        null,
        1,
        null,
        null,
        1,
        1,
        null,
        null,
        1,
        1,
        1,
        null,
        null,
        1,
        2,
        null,
        null
      ]
    },
    "timestamp": 1536690029
  }
}
